
R version 3.4.1 (2017-06-30) -- "Single Candle"
Copyright (C) 2017 The R Foundation for Statistical Computing
Platform: x86_64-apple-darwin15.6.0 (64-bit)

R is free software and comes with ABSOLUTELY NO WARRANTY.
You are welcome to redistribute it under certain conditions.
Type 'license()' or 'licence()' for distribution details.

  Natural language support but running in an English locale

R is a collaborative project with many contributors.
Type 'contributors()' for more information and
'citation()' on how to cite R or R packages in publications.

Type 'demo()' for some demos, 'help()' for on-line help, or
'help.start()' for an HTML browser interface to help.
Type 'q()' to quit R.

> e144 <- matrix(c(15,21,45,13,26,31,34,5,33,17,49,20),nrow=4)
> e145 <- matrix(c(24,289,9,100,13,565), nrow=2)
> expectedCells <- function(m){
+   # browser()
+ #   result <- matrix(vector(mode="numeric", length=length(m)), nrow=nrow(m))
+ #   for(ix in (1:nrow(m))){
+ #     for(iy in (1:ncol(m)))
+ #       result[ix,iy] <- (prod(sum(m[ix,]))*prod(sum(m[,iy])))/sum(m)
+ #   }
+ #   return(result)
+   
+   result <- matrix(vector(mode="numeric", length=length(m)), nrow=nrow(m))
+   for(i in (1:length(m))){
+     x <- ((i-1) %/% ncol(m)) + 1
+     y <- ((i-1) %% ncol(m)) + 1
+     result[x,y] <- (prod(sum(m[x,]))*prod(sum(m[,y])))/sum(m)
+   }
+   
+   return(result)
+ }
> expectedCells(e145)
        [,1]    [,2]    [,3]
[1,]  14.398   5.014  26.588
[2,] 298.602 103.986 551.412
> sum(e145)
[1] 1000
> sum(expectedCells(e145))
[1] 1000
> e145 - expectedCells(e145)
       [,1]   [,2]    [,3]
[1,]  9.602  3.986 -13.588
[2,] -9.602 -3.986  13.588
> e145
     [,1] [,2] [,3]
[1,]   24    9   13
[2,]  289  100  565
> expectedCells(e145)
        [,1]    [,2]    [,3]
[1,]  14.398   5.014  26.588
[2,] 298.602 103.986 551.412
> (e145 - expectedCells(e145))^2
        [,1]    [,2]     [,3]
[1,] 92.1984 15.8882 184.6337
[2,] 92.1984 15.8882 184.6337
> (e145 - expectedCells(e145))^2/expectedCells(e145)
          [,1]      [,2]      [,3]
[1,] 6.4035563 3.1687667 6.9442509
[2,] 0.3087669 0.1527917 0.3348381
> sum((e145 - expectedCells(e145))^2/expectedCells(e145))
[1] 17.31297
> e147 <- matrix(c(76,124,53,147,69,141,48,152), nrow=2)
> e147 - expectedCells(e147)
          [,1]      [,2]      [,3]      [,4]
[1,]  15.25926 -7.740741  5.222222 -12.74074
[2,] -15.25926  7.740741 -5.222222  12.74074
> sum((e147 - expectedCells(e147))^2/expectedCells(e147))
[1] 11.37439
> e147 - c(59,141)
     [,1] [,2] [,3] [,4]
[1,]   17   -6   10  -11
[2,]  -17    6    0   11
> e147
     [,1] [,2] [,3] [,4]
[1,]   76   53   69   48
[2,]  124  147  141  152
> e147
     [,1] [,2] [,3] [,4]
[1,]   76   53   69   48
[2,]  124  147  141  152
> e147[1,3] <- 59
> e147
     [,1] [,2] [,3] [,4]
[1,]   76   53   59   48
[2,]  124  147  141  152
> sum((e147 - expectedCells(e147))^2/expectedCells(e147))
[1] 10.72244